NOTE: This is a redacted version of $P/programs/projects/networks/JBES_revision/akm/cg_code/s02_CG_est_JBES.log
File date: 4 March 2016
Author: Ian M. Schmutte


                            < M A T L A B (R) >
                  Copyright 1984-2015 The MathWorks, Inc.
                   R2015a (8.5.0.197613) 64-bit (glnxa64)
                             February 12, 2015

Check if xpx is positive definite (if pd_flag = 0, then positive definite, else not)
pd_flag =   0 
created preconditioner U.

Executing PCG routine
Elapsed time is 2897.424336 seconds.
PCG Convergence Flag   0,
PCG Num. Iter.: 423,
PCG Relative Residual 0.00000000,

Identification complete for 105256 groups.
Number of observations: 60123894,
Num Workers = 15998626 
Num Firms = 712494 


Residual Sum -0.041183101,
RMSE 0.43166,
R2 0.93205,
adjR2 0.90590,

TWFE Result
   -4.7113
   5.5547
  -1.8644
   0.2767
  -0.0159
  -2.5344
   0.8661
  -0.1355
   0.0078
  -2.2263
   0.7883
  -0.1271
   0.0077
   0.6443
  -0.3233
   0.0648
  -0.0041
   0.8851
   1.6680
   2.0301
   2.3843
   2.6301
  -0.1161
  -0.1054
  -0.3500
   0.2688
   0.0233
   0.0308
   0.0494
   0.0611

Full Correlation Matrix of Components
    y      pe      fe      xb      r

ans =

    1.0000    0.3579    0.4562    0.4712    0.2607
    0.3579    1.0000    0.0987   -0.5863   -0.0000
    0.4562    0.0987    1.0000    0.0513   -0.0000
    0.4712   -0.5863    0.0513    1.0000    0.0000
    0.2607   -0.0000   -0.0000    0.0000    1.0000

Decomposition #1
var(y) = cov(pe,y) + cov(fe,y) + cov(xb,y) + cov(r,y)
1.9801 = 0.64082 + 0.28576 + 0.91894 + 0.13454

explained shares:    pe       fe       xb       r
explained shares: 0.32364  0.14432  0.4641  0.067947

Decomposition #2
var(y) = var(pe) + var(fe) + var(xb) + 2*cov(pe,fe) + 2*cov(pe,xb) + 2*cov(fe,xb) + var(r)
1.9801 = 1.6187 + 0.19819 + 1.9211 + 0.11182 + -2.0677 + 0.063317 + 0.13454

explained shares:    pe      fe      xb   cov(pe,fe)   cov(pe,xb)   cov(fe,xb)   r
explained shares: 0.81752  0.10009  0.97023  0.056475  -1.0442  0.031977  0.067947

Joint distribution of effects (rows are deciles of pe, cols are deciles of fe)

p =

  Columns 1 through 7

    0.0184    0.0166    0.0149    0.0124    0.0097    0.0073    0.0059
    0.0113    0.0122    0.0123    0.0114    0.0115    0.0100    0.0094
    0.0096    0.0106    0.0111    0.0110    0.0118    0.0105    0.0101
    0.0089    0.0097    0.0101    0.0103    0.0111    0.0105    0.0106
    0.0081    0.0081    0.0086    0.0095    0.0104    0.0104    0.0114
    0.0070    0.0074    0.0079    0.0089    0.0097    0.0100    0.0116
    0.0073    0.0072    0.0077    0.0086    0.0087    0.0093    0.0109
    0.0109    0.0093    0.0088    0.0090    0.0085    0.0089    0.0095
    0.0110    0.0109    0.0105    0.0100    0.0098    0.0110    0.0099
    0.0075    0.0079    0.0081    0.0089    0.0088    0.0120    0.0108

  Columns 8 through 10

    0.0048    0.0041    0.0059
    0.0086    0.0071    0.0063
    0.0094    0.0084    0.0076
    0.0103    0.0096    0.0088
    0.0116    0.0111    0.0108
    0.0121    0.0122    0.0131
    0.0120    0.0130    0.0153
    0.0102    0.0116    0.0133
    0.0095    0.0095    0.0079
    0.0114    0.0130    0.0115

Mean residual by pe/fe decile

meanr =

  Columns 1 through 7

   -0.0420   -0.0219   -0.0126   -0.0053    0.0131    0.0280    0.0406
   -0.0159   -0.0082   -0.0043   -0.0008    0.0020    0.0035    0.0066
    0.0027   -0.0000    0.0012    0.0012   -0.0019   -0.0015   -0.0006
    0.0136    0.0061    0.0034    0.0008   -0.0029   -0.0036   -0.0039
    0.0245    0.0121    0.0069    0.0030   -0.0026   -0.0057   -0.0060
    0.0299    0.0139    0.0082    0.0034   -0.0022   -0.0048   -0.0070
    0.0230    0.0108    0.0048    0.0007   -0.0021   -0.0027   -0.0043
   -0.0019    0.0004   -0.0009   -0.0004    0.0013    0.0028    0.0022
   -0.0053   -0.0013   -0.0024   -0.0008    0.0008    0.0019    0.0026
    0.0411    0.0172    0.0080    0.0001   -0.0055   -0.0083   -0.0098

  Columns 8 through 10

    0.0536    0.0622    0.0520
    0.0081    0.0128    0.0099
   -0.0012    0.0007   -0.0003
   -0.0041   -0.0038   -0.0039
   -0.0072   -0.0069   -0.0064
   -0.0069   -0.0072   -0.0065
   -0.0038   -0.0049   -0.0059
    0.0025   -0.0005   -0.0036
    0.0025    0.0017    0.0014
   -0.0098   -0.0074   -0.0043

